

Processing ApplicationController#index (for 127.0.0.1 at 2009-10-15 09:31:22) [GET]
  Parameters: {"genre"=>"techno"}

ActionController::RoutingError (No route matches "/" with {:method=>:get}):
  

Rendering rescues/layout (not_found)


Processing HomeController#index (for 127.0.0.1 at 2009-10-15 09:31:50) [GET]
  Parameters: {"genre"=>"techno"}
Rendering template within layouts/home
Rendering home/index
ERROR: compiling _run_erb_app47views47home47index46html46erb RAISED compile error
/Users/redeye/Sites/Cloud-Down/app/views/home/index.html.erb:27: syntax error, unexpected kENSURE, expecting ')'
/Users/redeye/Sites/Cloud-Down/app/views/home/index.html.erb:29: syntax error, unexpected kEND, expecting ')'
Function body:           def _run_erb_app47views47home47index46html46erb(local_assigns)
            old_output_buffer = output_buffer;;@output_buffer = '';  __in_erb_template=true ; @output_buffer.concat "<h1>Soundcloud Download {v1.0}</h1>\n<h2>Only full track downloads from Soundcloud</h2>\n\n<div id=\"nav\"><ul id=\"genres\" class=\"menu\">\n\t<li class=\""



;  if @genre == "house" ; @output_buffer.concat "on";  end ; @output_buffer.concat "\"><a href=\"/?genre=house\">House</a></li>\n\t<li class=\""
;  if @genre == "techno" ; @output_buffer.concat "on";  end ; @output_buffer.concat "\"><a href=\"/?genre=techno\">Techno</a></li>\n\t<li class=\""
;  if @genre == "acid" ; @output_buffer.concat "on";  end ; @output_buffer.concat "\"><a href=\"/?genre=acid\">Acid</a></li>\n\t<li class=\""
;  if @genre == "hip hop" ; @output_buffer.concat "on";  end ; @output_buffer.concat "\"><a href=\"/?genre=hip hop\">Hip Hop</a></li>\n\t<li class=\""
;  if @genre == "drum and bass, dnb" ; @output_buffer.concat "on";  end ; @output_buffer.concat "\"><a href=\"/?genre=drum and bass, dnb\">Drum and Bass</a></li>\n</ul></div>\n\n<ul class=\"trackList\">\n"



; @output_buffer.concat "\n\t<li>\n\t"

;  #if track.streamable ; @output_buffer.concat "<a class=\"soundcloud-player custom-size\" id=\"custom-size\" href=\""; @output_buffer.concat((h track.uri ).to_s); @output_buffer.concat "\">Play</a>";  #end ; @output_buffer.concat "\n\t\t\n\n\t\t<span class='genre'>["


; @output_buffer.concat((# track.genre ).to_s); @output_buffer.concat "]</span>\n\t\t\n\t\t"

;  #if track.downloadable ; @output_buffer.concat "\n\t\t<span class='downLink'><a href=\""
; @output_buffer.concat((h track.download_url ).to_s); @output_buffer.concat "\">Download</a></span>\n\t\t"
;  #end ; @output_buffer.concat "\n</li>\n\n"


;  #end ; @output_buffer.concat "\n</ul>"
; @output_buffer
          ensure
            self.output_buffer = old_output_buffer
          end
Backtrace: /Users/redeye/Sites/Cloud-Down/app/views/home/index.html.erb:29:in `compile!'
/Users/redeye/.gem/ruby/1.8/gems/actionpack-2.3.4/lib/action_view/renderable.rb:61:in `compile'
/Users/redeye/.gem/ruby/1.8/gems/actionpack-2.3.4/lib/action_view/renderable.rb:28:in `render'
/Users/redeye/.gem/ruby/1.8/gems/actionpack-2.3.4/lib/action_view/template.rb:199:in `render_template'
/Users/redeye/.gem/ruby/1.8/gems/actionpack-2.3.4/lib/action_view/base.rb:260:in `render'
/Users/redeye/.gem/ruby/1.8/gems/actionpack-2.3.4/lib/action_view/base.rb:343:in `_render_with_layout'
/Users/redeye/.gem/ruby/1.8/gems/actionpack-2.3.4/lib/action_view/base.rb:257:in `render'
/Users/redeye/.gem/ruby/1.8/gems/actionpack-2.3.4/lib/action_controller/base.rb:1250:in `render_for_file'
/Users/redeye/.gem/ruby/1.8/gems/actionpack-2.3.4/lib/action_controller/base.rb:945:in `render_without_benchmark'
/Users/redeye/.gem/ruby/1.8/gems/actionpack-2.3.4/lib/action_controller/benchmarking.rb:51:in `render'
/Users/redeye/.gem/ruby/1.8/gems/activesupport-2.3.4/lib/active_support/core_ext/benchmark.rb:17:in `ms'
/System/Library/Frameworks/Ruby.framework/Versions/1.8/usr/lib/ruby/1.8/benchmark.rb:308:in `realtime'
/Users/redeye/.gem/ruby/1.8/gems/activesupport-2.3.4/lib/active_support/core_ext/benchmark.rb:17:in `ms'
/Users/redeye/.gem/ruby/1.8/gems/actionpack-2.3.4/lib/action_controller/benchmarking.rb:51:in `render'
/Users/redeye/.gem/ruby/1.8/gems/actionpack-2.3.4/lib/action_controller/base.rb:1326:in `default_render'
/Users/redeye/.gem/ruby/1.8/gems/actionpack-2.3.4/lib/action_controller/base.rb:1332:in `perform_action_without_filters'
/Users/redeye/.gem/ruby/1.8/gems/actionpack-2.3.4/lib/action_controller/filters.rb:617:in `call_filters'
/Users/redeye/.gem/ruby/1.8/gems/actionpack-2.3.4/lib/action_controller/filters.rb:610:in `perform_action_without_benchmark'
/Users/redeye/.gem/ruby/1.8/gems/actionpack-2.3.4/lib/action_controller/benchmarking.rb:68:in `perform_action_without_rescue'
/Users/redeye/.gem/ruby/1.8/gems/activesupport-2.3.4/lib/active_support/core_ext/benchmark.rb:17:in `ms'
/System/Library/Frameworks/Ruby.framework/Versions/1.8/usr/lib/ruby/1.8/benchmark.rb:308:in `realtime'
/Users/redeye/.gem/ruby/1.8/gems/activesupport-2.3.4/lib/active_support/core_ext/benchmark.rb:17:in `ms'
/Users/redeye/.gem/ruby/1.8/gems/actionpack-2.3.4/lib/action_controller/benchmarking.rb:68:in `perform_action_without_rescue'
/Users/redeye/.gem/ruby/1.8/gems/actionpack-2.3.4/lib/action_controller/rescue.rb:160:in `perform_action_without_flash'
/Users/redeye/.gem/ruby/1.8/gems/actionpack-2.3.4/lib/action_controller/flash.rb:146:in `perform_action'
/Users/redeye/.gem/ruby/1.8/gems/actionpack-2.3.4/lib/action_controller/base.rb:532:in `send'
/Users/redeye/.gem/ruby/1.8/gems/actionpack-2.3.4/lib/action_controller/base.rb:532:in `process_without_filters'
/Users/redeye/.gem/ruby/1.8/gems/actionpack-2.3.4/lib/action_controller/filters.rb:606:in `process'
/Users/redeye/.gem/ruby/1.8/gems/actionpack-2.3.4/lib/action_controller/base.rb:391:in `process'
/Users/redeye/.gem/ruby/1.8/gems/actionpack-2.3.4/lib/action_controller/base.rb:386:in `call'
/Users/redeye/.gem/ruby/1.8/gems/actionpack-2.3.4/lib/action_controller/routing/route_set.rb:437:in `call'
/Users/redeye/.gem/ruby/1.8/gems/actionpack-2.3.4/lib/action_controller/dispatcher.rb:87:in `dispatch'
/Users/redeye/.gem/ruby/1.8/gems/actionpack-2.3.4/lib/action_controller/dispatcher.rb:121:in `_call'
/Users/redeye/.gem/ruby/1.8/gems/actionpack-2.3.4/lib/action_controller/dispatcher.rb:130:in `build_middleware_stack'
/Users/redeye/.gem/ruby/1.8/gems/activerecord-2.3.4/lib/active_record/query_cache.rb:29:in `call'
/Users/redeye/.gem/ruby/1.8/gems/activerecord-2.3.4/lib/active_record/query_cache.rb:29:in `call'
/Users/redeye/.gem/ruby/1.8/gems/activerecord-2.3.4/lib/active_record/connection_adapters/abstract/query_cache.rb:34:in `cache'
/Users/redeye/.gem/ruby/1.8/gems/activerecord-2.3.4/lib/active_record/query_cache.rb:9:in `cache'
/Users/redeye/.gem/ruby/1.8/gems/activerecord-2.3.4/lib/active_record/query_cache.rb:28:in `call'
/Users/redeye/.gem/ruby/1.8/gems/activerecord-2.3.4/lib/active_record/connection_adapters/abstract/connection_pool.rb:361:in `call'
/Users/redeye/.gem/ruby/1.8/gems/rack-1.0.0/lib/rack/head.rb:9:in `call'
/Users/redeye/.gem/ruby/1.8/gems/rack-1.0.0/lib/rack/methodoverride.rb:24:in `call'
/Users/redeye/.gem/ruby/1.8/gems/actionpack-2.3.4/lib/action_controller/params_parser.rb:15:in `call'
/Users/redeye/.gem/ruby/1.8/gems/actionpack-2.3.4/lib/action_controller/session/cookie_store.rb:93:in `call'
/Users/redeye/.gem/ruby/1.8/gems/actionpack-2.3.4/lib/action_controller/failsafe.rb:26:in `call'
/Users/redeye/.gem/ruby/1.8/gems/rack-1.0.0/lib/rack/lock.rb:11:in `call'
/Users/redeye/.gem/ruby/1.8/gems/rack-1.0.0/lib/rack/lock.rb:11:in `synchronize'
/Users/redeye/.gem/ruby/1.8/gems/rack-1.0.0/lib/rack/lock.rb:11:in `call'
/Users/redeye/.gem/ruby/1.8/gems/actionpack-2.3.4/lib/action_controller/dispatcher.rb:114:in `call'
/Users/redeye/.gem/ruby/1.8/gems/actionpack-2.3.4/lib/action_controller/reloader.rb:34:in `run'
/Users/redeye/.gem/ruby/1.8/gems/actionpack-2.3.4/lib/action_controller/dispatcher.rb:108:in `call'
/Users/redeye/.gem/ruby/1.8/gems/rails-2.3.4/lib/rails/rack/static.rb:31:in `call'
/Users/redeye/.gem/ruby/1.8/gems/rack-1.0.0/lib/rack/urlmap.rb:46:in `call'
/Users/redeye/.gem/ruby/1.8/gems/rack-1.0.0/lib/rack/urlmap.rb:40:in `each'
/Users/redeye/.gem/ruby/1.8/gems/rack-1.0.0/lib/rack/urlmap.rb:40:in `call'
/Users/redeye/.gem/ruby/1.8/gems/rails-2.3.4/lib/rails/rack/log_tailer.rb:17:in `call'
/Users/redeye/.gem/ruby/1.8/gems/rack-1.0.0/lib/rack/content_length.rb:13:in `call'
/Users/redeye/.gem/ruby/1.8/gems/rack-1.0.0/lib/rack/chunked.rb:15:in `call'
/Users/redeye/.gem/ruby/1.8/gems/rack-1.0.0/lib/rack/handler/mongrel.rb:61:in `process'
/System/Library/Frameworks/Ruby.framework/Versions/1.8/usr/lib/ruby/gems/1.8/gems/mongrel-1.1.5/lib/mongrel.rb:159:in `process_client'
/System/Library/Frameworks/Ruby.framework/Versions/1.8/usr/lib/ruby/gems/1.8/gems/mongrel-1.1.5/lib/mongrel.rb:158:in `each'
/System/Library/Frameworks/Ruby.framework/Versions/1.8/usr/lib/ruby/gems/1.8/gems/mongrel-1.1.5/lib/mongrel.rb:158:in `process_client'
/System/Library/Frameworks/Ruby.framework/Versions/1.8/usr/lib/ruby/gems/1.8/gems/mongrel-1.1.5/lib/mongrel.rb:285:in `run'
/System/Library/Frameworks/Ruby.framework/Versions/1.8/usr/lib/ruby/gems/1.8/gems/mongrel-1.1.5/lib/mongrel.rb:285:in `initialize'
/System/Library/Frameworks/Ruby.framework/Versions/1.8/usr/lib/ruby/gems/1.8/gems/mongrel-1.1.5/lib/mongrel.rb:285:in `new'
/System/Library/Frameworks/Ruby.framework/Versions/1.8/usr/lib/ruby/gems/1.8/gems/mongrel-1.1.5/lib/mongrel.rb:285:in `run'
/System/Library/Frameworks/Ruby.framework/Versions/1.8/usr/lib/ruby/gems/1.8/gems/mongrel-1.1.5/lib/mongrel.rb:268:in `initialize'
/System/Library/Frameworks/Ruby.framework/Versions/1.8/usr/lib/ruby/gems/1.8/gems/mongrel-1.1.5/lib/mongrel.rb:268:in `new'
/System/Library/Frameworks/Ruby.framework/Versions/1.8/usr/lib/ruby/gems/1.8/gems/mongrel-1.1.5/lib/mongrel.rb:268:in `run'
/Users/redeye/.gem/ruby/1.8/gems/rack-1.0.0/lib/rack/handler/mongrel.rb:34:in `run'
/Users/redeye/.gem/ruby/1.8/gems/rails-2.3.4/lib/commands/server.rb:111
/Library/Ruby/Site/1.8/rubygems/custom_require.rb:31:in `gem_original_require'
/Library/Ruby/Site/1.8/rubygems/custom_require.rb:31:in `require'
script/server:3

ActionView::TemplateError (compile error
/Users/redeye/Sites/Cloud-Down/app/views/home/index.html.erb:27: syntax error, unexpected kENSURE, expecting ')'
/Users/redeye/Sites/Cloud-Down/app/views/home/index.html.erb:29: syntax error, unexpected kEND, expecting ')') on line #27 of app/views/home/index.html.erb:
24: 
25: <% #end %>
26: </ul>

    app/views/home/index.html.erb:29:in `compile!'

Rendered rescues/_trace (41.5ms)
Rendered rescues/_request_and_response (1.2ms)
Rendering rescues/layout (internal_server_error)


Processing HomeController#index (for 127.0.0.1 at 2009-10-15 09:33:10) [GET]
  Parameters: {"genre"=>"techno"}
Rendering template within layouts/home
Rendering home/index
Completed in 2103ms (View: 292, DB: 0) | 200 OK [http://localhost/?genre=techno]


Processing HomeController#index (for 127.0.0.1 at 2009-10-15 20:35:23) [GET]
  Parameters: {"genre"=>"acid"}
Rendering template within layouts/home
Rendering home/index
Completed in 17622ms (View: 80, DB: 0) | 200 OK [http://localhost/?genre=acid]


Processing HomeController#index (for 127.0.0.1 at 2009-10-15 20:36:01) [GET]
  Parameters: {"genre"=>"house"}
Rendering template within layouts/home
Rendering home/index
Completed in 17037ms (View: 9, DB: 0) | 200 OK [http://localhost/?genre=house]
